
=INFO REPORT==== 27-Jun-2012::22:54:24 ===
Starting Boss in development mode....

=INFO REPORT==== 27-Jun-2012::22:54:25 ===
Starting master services on kadmin@natty

=INFO REPORT==== 27-Jun-2012::22:54:25 ===
Loading routes from "/home/sizov/docs/kadmin/priv/kadmin.routes" ....

=ERROR REPORT==== 27-Jun-2012::22:54:26 ===
Execution of "/home/sizov/docs/kadmin/priv/init/kadmin_01_news.erl" failed: {'EXIT',
                                                                             {undef,
                                                                              [{lager,
                                                                                debug,
                                                                                ["initialization"],
                                                                                []},
                                                                               {kadmin_01_news,
                                                                                init,
                                                                                0,
                                                                                [{file,
                                                                                  "/home/sizov/docs/kadmin/priv/init/kadmin_01_news.erl"},
                                                                                 {line,
                                                                                  14}]},
                                                                               {boss_web_controller,
                                                                                '-run_init_scripts/1-fun-0-',
                                                                                2,
                                                                                [{file,
                                                                                  "src/boss/boss_web_controller.erl"},
                                                                                 {line,
                                                                                  291}]},
                                                                               {lists,
                                                                                foldl,
                                                                                3,
                                                                                [{file,
                                                                                  "lists.erl"},
                                                                                 {line,
                                                                                  1197}]},
                                                                               {boss_web_controller,
                                                                                '-handle_info/2-fun-0-',
                                                                                1,
                                                                                [{file,
                                                                                  "src/boss/boss_web_controller.erl"},
                                                                                 {line,
                                                                                  146}]},
                                                                               {lists,
                                                                                map,
                                                                                2,
                                                                                [{file,
                                                                                  "lists.erl"},
                                                                                 {line,
                                                                                  1173}]},
                                                                               {boss_web_controller,
                                                                                handle_info,
                                                                                2,
                                                                                [{file,
                                                                                  "src/boss/boss_web_controller.erl"},
                                                                                 {line,
                                                                                  132}]},
                                                                               {gen_server,
                                                                                handle_msg,
                                                                                5,
                                                                                [{file,
                                                                                  "gen_server.erl"},
                                                                                 {line,
                                                                                  607}]}]}}
