
=INFO REPORT==== 21-Jun-2012::02:35:44 ===
Starting Boss in development mode....

=INFO REPORT==== 21-Jun-2012::02:35:44 ===
Starting master services on kadmin@natty

=INFO REPORT==== 21-Jun-2012::02:35:44 ===
Loading routes from "/home/sizov/docs/kadmin/priv/kadmin.routes" ....

=ERROR REPORT==== 21-Jun-2012::02:35:45 ===
Execution of "/home/sizov/docs/kadmin/priv/init/kadmin_01_news.erl" failed: {'EXIT',
                                                                             {{badmatch,
                                                                               {error,
                                                                                {not_started,
                                                                                 compiler}}},
                                                                              [{kadmin_01_news,
                                                                                init,
                                                                                0,
                                                                                [{file,
                                                                                  "/home/sizov/docs/kadmin/priv/init/kadmin_01_news.erl"},
                                                                                 {line,
                                                                                  13}]},
                                                                               {boss_web_controller,
                                                                                '-run_init_scripts/1-fun-0-',
                                                                                2,
                                                                                [{file,
                                                                                  "src/boss/boss_web_controller.erl"},
                                                                                 {line,
                                                                                  291}]},
                                                                               {lists,
                                                                                foldl,
                                                                                3,
                                                                                [{file,
                                                                                  "lists.erl"},
                                                                                 {line,
                                                                                  1197}]},
                                                                               {boss_web_controller,
                                                                                '-handle_info/2-fun-0-',
                                                                                1,
                                                                                [{file,
                                                                                  "src/boss/boss_web_controller.erl"},
                                                                                 {line,
                                                                                  146}]},
                                                                               {lists,
                                                                                map,
                                                                                2,
                                                                                [{file,
                                                                                  "lists.erl"},
                                                                                 {line,
                                                                                  1173}]},
                                                                               {boss_web_controller,
                                                                                handle_info,
                                                                                2,
                                                                                [{file,
                                                                                  "src/boss/boss_web_controller.erl"},
                                                                                 {line,
                                                                                  132}]},
                                                                               {gen_server,
                                                                                handle_msg,
                                                                                5,
                                                                                [{file,
                                                                                  "gen_server.erl"},
                                                                                 {line,
                                                                                  607}]},
                                                                               {proc_lib,
                                                                                init_p_do_apply,
                                                                                3,
                                                                                [{file,
                                                                                  "proc_lib.erl"},
                                                                                 {line,
                                                                                  227}]}]}}
