2012-06-21 02:31:26.559 [info] <0.6.0> Application lager started on node kadmin@natty
2012-06-21 02:32:06.112 [error] <0.60.0> Execution of "/home/sizov/docs/kadmin/priv/init/kadmin_01_news.erl" failed: {'EXIT',{undef,[{lager,debug,["inets: ~p [~s:~p]",[{error,{already_started,inets}},"/home/sizov/docs/kadmin/priv/init/kadmin_01_news.erl",7]],[]},{kadmin_01_news,init,0,[{file,"/home/sizov/docs/kadmin/priv/init/kadmin_01_news.erl"},{line,13}]},{boss_web_controller,'-run_init_scripts/1-fun-0-',2,[{file,"src/boss/boss_web_controller.erl"},{line,291}]},{lists,foldl,3,[{file,"lists.erl"},{line,1197}]},{boss_web_controller,'-handle_call/3-fun-3-',1,[{file,"src/boss/boss_web_controller.erl"},{line,181}]},{lists,map,2,[{file,"lists.erl"},{line,1173}]},{boss_web_controller,handle_call,3,[{file,"src/boss/boss_web_controller.erl"},{line,179}]},{gen_server,handle_msg,5,[{file,"gen_server.erl"},{line,588}]}]}}

2012-06-21 02:40:30.056 [info] <0.6.0> Application lager started on node kadmin@natty
2012-06-21 02:40:30.296 [info] <0.6.0> Application inets started on node kadmin@natty
2012-06-21 02:40:30.298 [error] <0.60.0> Execution of "/home/sizov/docs/kadmin/priv/init/kadmin_01_news.erl" failed: {'EXIT',{undef,[{lager,debug,["inets: ~p [~s:~p]",[ok,"/home/sizov/docs/kadmin/priv/init/kadmin_01_news.erl",7]],[]},{kadmin_01_news,init,0,[{file,"/home/sizov/docs/kadmin/priv/init/kadmin_01_news.erl"},{line,17}]},{boss_web_controller,'-run_init_scripts/1-fun-0-',2,[{file,"src/boss/boss_web_controller.erl"},{line,291}]},{lists,foldl,3,[{file,"lists.erl"},{line,1197}]},{boss_web_controller,'-handle_call/3-fun-3-',1,[{file,"src/boss/boss_web_controller.erl"},{line,181}]},{lists,map,2,[{file,"lists.erl"},{line,1173}]},{boss_web_controller,handle_call,3,[{file,"src/boss/boss_web_controller.erl"},{line,179}]},{gen_server,handle_msg,5,[{file,"gen_server.erl"},{line,588}]}]}}

2012-06-21 02:44:14.703 [info] <0.6.0> Application lager started on node kadmin@natty
2012-06-21 02:44:14.816 [error] <0.60.0>@kadmin_01_news:init:{17,7} Some message
2012-06-21 02:44:14.816 [info] <0.6.0> Application inets started on node kadmin@natty
2012-06-21 02:45:30.805 [info] <0.6.0> Application lager started on node kadmin@natty
2012-06-21 02:45:30.903 [error] <0.60.0>@kadmin_01_news:init:{17,7} Some message
2012-06-21 02:45:30.903 [info] <0.6.0> Application inets started on node kadmin@natty
2012-06-21 02:45:54.289 [info] <0.6.0> Application lager started on node kadmin@natty
2012-06-21 02:45:54.385 [error] <0.60.0>@kadmin_01_news:init:{17,7} Some message
2012-06-21 02:45:54.385 [info] <0.6.0> Application inets started on node kadmin@natty
2012-06-21 02:45:54.390 [error] <0.60.0> Execution of "/home/sizov/docs/kadmin/priv/init/kadmin_01_news.erl" failed: {'EXIT',{undef,[{lager,debug,["inets: ~p [~s:~p]",[ok,"/home/sizov/docs/kadmin/priv/init/kadmin_01_news.erl",7]],[]},{kadmin_01_news,init,0,[{file,"/home/sizov/docs/kadmin/priv/init/kadmin_01_news.erl"},{line,18}]},{boss_web_controller,'-run_init_scripts/1-fun-0-',2,[{file,"src/boss/boss_web_controller.erl"},{line,291}]},{lists,foldl,3,[{file,"lists.erl"},{line,1197}]},{boss_web_controller,'-handle_info/2-fun-0-',1,[{file,"src/boss/boss_web_controller.erl"},{line,146}]},{lists,map,2,[{file,"lists.erl"},{line,1173}]},{boss_web_controller,handle_info,2,[{file,"src/boss/boss_web_controller.erl"},{line,132}]},{gen_server,handle_msg,5,[{file,"gen_server.erl"},{line,607}]}]}}

2012-06-21 02:49:38.336 [info] <0.6.0> Application lager started on node kadmin@natty
2012-06-21 02:49:38.440 [error] <0.60.0>@kadmin_01_news:init:{17,7} Some message
2012-06-21 02:49:38.440 [info] <0.6.0> Application inets started on node kadmin@natty
2012-06-21 02:49:38.442 [error] <0.60.0> Execution of "/home/sizov/docs/kadmin/priv/init/kadmin_01_news.erl" failed: {'EXIT',{undef,[{lager,dubug,["inets: ~p",[ok]],[]},{kadmin_01_news,init,0,[{file,"/home/sizov/docs/kadmin/priv/init/kadmin_01_news.erl"},{line,18}]},{boss_web_controller,'-run_init_scripts/1-fun-0-',2,[{file,"src/boss/boss_web_controller.erl"},{line,291}]},{lists,foldl,3,[{file,"lists.erl"},{line,1197}]},{boss_web_controller,'-handle_info/2-fun-0-',1,[{file,"src/boss/boss_web_controller.erl"},{line,146}]},{lists,map,2,[{file,"lists.erl"},{line,1173}]},{boss_web_controller,handle_info,2,[{file,"src/boss/boss_web_controller.erl"},{line,132}]},{gen_server,handle_msg,5,[{file,"gen_server.erl"},{line,607}]}]}}

2012-06-21 02:52:16.266 [info] <0.6.0> Application lager started on node kadmin@natty
2012-06-21 02:52:16.362 [error] <0.60.0>@kadmin_01_news:init:{17,7} Some message
2012-06-21 02:52:16.362 [info] <0.6.0> Application inets started on node kadmin@natty
2012-06-21 02:52:16.363 [error] <0.60.0> Execution of "/home/sizov/docs/kadmin/priv/init/kadmin_01_news.erl" failed: {'EXIT',{undef,[{lager,dubug,["inets:::"],[]},{kadmin_01_news,init,0,[{file,"/home/sizov/docs/kadmin/priv/init/kadmin_01_news.erl"},{line,18}]},{boss_web_controller,'-run_init_scripts/1-fun-0-',2,[{file,"src/boss/boss_web_controller.erl"},{line,291}]},{lists,foldl,3,[{file,"lists.erl"},{line,1197}]},{boss_web_controller,'-handle_info/2-fun-0-',1,[{file,"src/boss/boss_web_controller.erl"},{line,146}]},{lists,map,2,[{file,"lists.erl"},{line,1173}]},{boss_web_controller,handle_info,2,[{file,"src/boss/boss_web_controller.erl"},{line,132}]},{gen_server,handle_msg,5,[{file,"gen_server.erl"},{line,607}]}]}}

2012-06-21 02:52:53.226 [info] <0.6.0> Application lager started on node kadmin@natty
2012-06-21 02:52:53.356 [error] <0.60.0>@kadmin_01_news:init:{17,7} Some message
2012-06-21 02:52:53.356 [info] <0.6.0> Application inets started on node kadmin@natty
2012-06-21 02:52:53.357 [error] <0.60.0> Execution of "/home/sizov/docs/kadmin/priv/init/kadmin_01_news.erl" failed: {'EXIT',{undef,[{lager,debug,["inets: ~p [~s:~p]",[ok,"/home/sizov/docs/kadmin/priv/init/kadmin_01_news.erl",7]],[]},{kadmin_01_news,init,0,[{file,"/home/sizov/docs/kadmin/priv/init/kadmin_01_news.erl"},{line,19}]},{boss_web_controller,'-run_init_scripts/1-fun-0-',2,[{file,"src/boss/boss_web_controller.erl"},{line,291}]},{lists,foldl,3,[{file,"lists.erl"},{line,1197}]},{boss_web_controller,'-handle_info/2-fun-0-',1,[{file,"src/boss/boss_web_controller.erl"},{line,146}]},{lists,map,2,[{file,"lists.erl"},{line,1173}]},{boss_web_controller,handle_info,2,[{file,"src/boss/boss_web_controller.erl"},{line,132}]},{gen_server,handle_msg,5,[{file,"gen_server.erl"},{line,607}]}]}}

2012-06-21 02:53:14.499 [info] <0.6.0> Application lager started on node kadmin@natty
2012-06-21 02:53:14.587 [error] <0.60.0>@kadmin_01_news:init:{17,7} Some message
2012-06-21 02:53:14.587 [info] <0.6.0> Application inets started on node kadmin@natty
2012-06-21 02:53:14.594 [error] <0.60.0> Execution of "/home/sizov/docs/kadmin/priv/init/kadmin_01_news.erl" failed: {'EXIT',{undef,[{lager,debug,["inets: ~p [~s:~p]",[ok,"/home/sizov/docs/kadmin/priv/init/kadmin_01_news.erl",7]],[]},{kadmin_01_news,init,0,[{file,"/home/sizov/docs/kadmin/priv/init/kadmin_01_news.erl"},{line,19}]},{boss_web_controller,'-run_init_scripts/1-fun-0-',2,[{file,"src/boss/boss_web_controller.erl"},{line,291}]},{lists,foldl,3,[{file,"lists.erl"},{line,1197}]},{boss_web_controller,'-handle_info/2-fun-0-',1,[{file,"src/boss/boss_web_controller.erl"},{line,146}]},{lists,map,2,[{file,"lists.erl"},{line,1173}]},{boss_web_controller,handle_info,2,[{file,"src/boss/boss_web_controller.erl"},{line,132}]},{gen_server,handle_msg,5,[{file,"gen_server.erl"},{line,607}]}]}}

2012-06-21 03:00:36.692 [error] <0.60.0> Execution of "/home/sizov/docs/kadmin/priv/init/kadmin_01_news.erl" failed: {'EXIT',{{badmatch,{error,{already_started,compiler}}},[{kadmin_01_news,init,0,[{file,"/home/sizov/docs/kadmin/priv/init/kadmin_01_news.erl"},{line,13}]},{boss_web_controller,'-run_init_scripts/1-fun-0-',2,[{file,"src/boss/boss_web_controller.erl"},{line,291}]},{lists,foldl,3,[{file,"lists.erl"},{line,1197}]},{boss_web_controller,'-handle_call/3-fun-3-',1,[{file,"src/boss/boss_web_controller.erl"},{line,181}]},{lists,map,2,[{file,"lists.erl"},{line,1173}]},{boss_web_controller,handle_call,3,[{file,"src/boss/boss_web_controller.erl"},{line,179}]},{gen_server,handle_msg,5,[{file,"gen_server.erl"},{line,588}]},{proc_lib,init_p_do_apply,3,[{file,"proc_lib.erl"},{line,227}]}]}}

2012-06-21 03:01:13.510 [info] <0.6.0> Application lager started on node kadmin@natty
2012-06-21 03:01:13.609 [error] <0.60.0>@kadmin_01_news:init:{17,7} Some message
2012-06-21 03:01:13.609 [info] <0.6.0> Application inets started on node kadmin@natty
2012-06-21 03:01:13.611 [error] <0.60.0> Execution of "/home/sizov/docs/kadmin/priv/init/kadmin_01_news.erl" failed: {'EXIT',{undef,[{lager,debug,["inets: ~p [~s:~p]",[ok,"/home/sizov/docs/kadmin/priv/init/kadmin_01_news.erl",7]],[]},{kadmin_01_news,init,0,[{file,"/home/sizov/docs/kadmin/priv/init/kadmin_01_news.erl"},{line,19}]},{boss_web_controller,'-run_init_scripts/1-fun-0-',2,[{file,"src/boss/boss_web_controller.erl"},{line,291}]},{lists,foldl,3,[{file,"lists.erl"},{line,1197}]},{boss_web_controller,'-handle_info/2-fun-0-',1,[{file,"src/boss/boss_web_controller.erl"},{line,146}]},{lists,map,2,[{file,"lists.erl"},{line,1173}]},{boss_web_controller,handle_info,2,[{file,"src/boss/boss_web_controller.erl"},{line,132}]},{gen_server,handle_msg,5,[{file,"gen_server.erl"},{line,607}]}]}}

