2012-06-21 02:32:06 =ERROR REPORT====
Execution of "/home/sizov/docs/kadmin/priv/init/kadmin_01_news.erl" failed: {'EXIT',{undef,[{lager,debug,["inets: ~p [~s:~p]",[{error,{already_started,inets}},"/home/sizov/docs/kadmin/priv/init/kadmin_01_news.erl",7]],[]},{kadmin_01_news,init,0,[{file,"/home/sizov/docs/kadmin/priv/init/kadmin_01_news.erl"},{line,13}]},{boss_web_controller,'-run_init_scripts/1-fun-0-',2,[{file,"src/boss/boss_web_controller.erl"},{line,291}]},{lists,foldl,3,[{file,"lists.erl"},{line,1197}]},{boss_web_controller,'-handle_call/3-fun-3-',1,[{file,"src/boss/boss_web_controller.erl"},{line,181}]},{lists,map,2,[{file,"lists.erl"},{line,1173}]},{boss_web_controller,handle_call,3,[{file,"src/boss/boss_web_controller.erl"},{line,179}]},{gen_server,handle_msg,5,[{file,"gen_server.erl"},{line,588}]}]}}
2012-06-21 02:40:30 =ERROR REPORT====
Execution of "/home/sizov/docs/kadmin/priv/init/kadmin_01_news.erl" failed: {'EXIT',{undef,[{lager,debug,["inets: ~p [~s:~p]",[ok,"/home/sizov/docs/kadmin/priv/init/kadmin_01_news.erl",7]],[]},{kadmin_01_news,init,0,[{file,"/home/sizov/docs/kadmin/priv/init/kadmin_01_news.erl"},{line,17}]},{boss_web_controller,'-run_init_scripts/1-fun-0-',2,[{file,"src/boss/boss_web_controller.erl"},{line,291}]},{lists,foldl,3,[{file,"lists.erl"},{line,1197}]},{boss_web_controller,'-handle_call/3-fun-3-',1,[{file,"src/boss/boss_web_controller.erl"},{line,181}]},{lists,map,2,[{file,"lists.erl"},{line,1173}]},{boss_web_controller,handle_call,3,[{file,"src/boss/boss_web_controller.erl"},{line,179}]},{gen_server,handle_msg,5,[{file,"gen_server.erl"},{line,588}]}]}}
2012-06-21 02:45:54 =ERROR REPORT====
Execution of "/home/sizov/docs/kadmin/priv/init/kadmin_01_news.erl" failed: {'EXIT',{undef,[{lager,debug,["inets: ~p [~s:~p]",[ok,"/home/sizov/docs/kadmin/priv/init/kadmin_01_news.erl",7]],[]},{kadmin_01_news,init,0,[{file,"/home/sizov/docs/kadmin/priv/init/kadmin_01_news.erl"},{line,18}]},{boss_web_controller,'-run_init_scripts/1-fun-0-',2,[{file,"src/boss/boss_web_controller.erl"},{line,291}]},{lists,foldl,3,[{file,"lists.erl"},{line,1197}]},{boss_web_controller,'-handle_info/2-fun-0-',1,[{file,"src/boss/boss_web_controller.erl"},{line,146}]},{lists,map,2,[{file,"lists.erl"},{line,1173}]},{boss_web_controller,handle_info,2,[{file,"src/boss/boss_web_controller.erl"},{line,132}]},{gen_server,handle_msg,5,[{file,"gen_server.erl"},{line,607}]}]}}
2012-06-21 02:49:38 =ERROR REPORT====
Execution of "/home/sizov/docs/kadmin/priv/init/kadmin_01_news.erl" failed: {'EXIT',{undef,[{lager,dubug,["inets: ~p",[ok]],[]},{kadmin_01_news,init,0,[{file,"/home/sizov/docs/kadmin/priv/init/kadmin_01_news.erl"},{line,18}]},{boss_web_controller,'-run_init_scripts/1-fun-0-',2,[{file,"src/boss/boss_web_controller.erl"},{line,291}]},{lists,foldl,3,[{file,"lists.erl"},{line,1197}]},{boss_web_controller,'-handle_info/2-fun-0-',1,[{file,"src/boss/boss_web_controller.erl"},{line,146}]},{lists,map,2,[{file,"lists.erl"},{line,1173}]},{boss_web_controller,handle_info,2,[{file,"src/boss/boss_web_controller.erl"},{line,132}]},{gen_server,handle_msg,5,[{file,"gen_server.erl"},{line,607}]}]}}
2012-06-21 02:52:16 =ERROR REPORT====
Execution of "/home/sizov/docs/kadmin/priv/init/kadmin_01_news.erl" failed: {'EXIT',{undef,[{lager,dubug,["inets:::"],[]},{kadmin_01_news,init,0,[{file,"/home/sizov/docs/kadmin/priv/init/kadmin_01_news.erl"},{line,18}]},{boss_web_controller,'-run_init_scripts/1-fun-0-',2,[{file,"src/boss/boss_web_controller.erl"},{line,291}]},{lists,foldl,3,[{file,"lists.erl"},{line,1197}]},{boss_web_controller,'-handle_info/2-fun-0-',1,[{file,"src/boss/boss_web_controller.erl"},{line,146}]},{lists,map,2,[{file,"lists.erl"},{line,1173}]},{boss_web_controller,handle_info,2,[{file,"src/boss/boss_web_controller.erl"},{line,132}]},{gen_server,handle_msg,5,[{file,"gen_server.erl"},{line,607}]}]}}
2012-06-21 02:52:53 =ERROR REPORT====
Execution of "/home/sizov/docs/kadmin/priv/init/kadmin_01_news.erl" failed: {'EXIT',{undef,[{lager,debug,["inets: ~p [~s:~p]",[ok,"/home/sizov/docs/kadmin/priv/init/kadmin_01_news.erl",7]],[]},{kadmin_01_news,init,0,[{file,"/home/sizov/docs/kadmin/priv/init/kadmin_01_news.erl"},{line,19}]},{boss_web_controller,'-run_init_scripts/1-fun-0-',2,[{file,"src/boss/boss_web_controller.erl"},{line,291}]},{lists,foldl,3,[{file,"lists.erl"},{line,1197}]},{boss_web_controller,'-handle_info/2-fun-0-',1,[{file,"src/boss/boss_web_controller.erl"},{line,146}]},{lists,map,2,[{file,"lists.erl"},{line,1173}]},{boss_web_controller,handle_info,2,[{file,"src/boss/boss_web_controller.erl"},{line,132}]},{gen_server,handle_msg,5,[{file,"gen_server.erl"},{line,607}]}]}}
2012-06-21 02:53:14 =ERROR REPORT====
Execution of "/home/sizov/docs/kadmin/priv/init/kadmin_01_news.erl" failed: {'EXIT',{undef,[{lager,debug,["inets: ~p [~s:~p]",[ok,"/home/sizov/docs/kadmin/priv/init/kadmin_01_news.erl",7]],[]},{kadmin_01_news,init,0,[{file,"/home/sizov/docs/kadmin/priv/init/kadmin_01_news.erl"},{line,19}]},{boss_web_controller,'-run_init_scripts/1-fun-0-',2,[{file,"src/boss/boss_web_controller.erl"},{line,291}]},{lists,foldl,3,[{file,"lists.erl"},{line,1197}]},{boss_web_controller,'-handle_info/2-fun-0-',1,[{file,"src/boss/boss_web_controller.erl"},{line,146}]},{lists,map,2,[{file,"lists.erl"},{line,1173}]},{boss_web_controller,handle_info,2,[{file,"src/boss/boss_web_controller.erl"},{line,132}]},{gen_server,handle_msg,5,[{file,"gen_server.erl"},{line,607}]}]}}
2012-06-21 03:00:36 =ERROR REPORT====
Execution of "/home/sizov/docs/kadmin/priv/init/kadmin_01_news.erl" failed: {'EXIT',{{badmatch,{error,{already_started,compiler}}},[{kadmin_01_news,init,0,[{file,"/home/sizov/docs/kadmin/priv/init/kadmin_01_news.erl"},{line,13}]},{boss_web_controller,'-run_init_scripts/1-fun-0-',2,[{file,"src/boss/boss_web_controller.erl"},{line,291}]},{lists,foldl,3,[{file,"lists.erl"},{line,1197}]},{boss_web_controller,'-handle_call/3-fun-3-',1,[{file,"src/boss/boss_web_controller.erl"},{line,181}]},{lists,map,2,[{file,"lists.erl"},{line,1173}]},{boss_web_controller,handle_call,3,[{file,"src/boss/boss_web_controller.erl"},{line,179}]},{gen_server,handle_msg,5,[{file,"gen_server.erl"},{line,588}]},{proc_lib,init_p_do_apply,3,[{file,"proc_lib.erl"},{line,227}]}]}}
2012-06-21 03:01:13 =ERROR REPORT====
Execution of "/home/sizov/docs/kadmin/priv/init/kadmin_01_news.erl" failed: {'EXIT',{undef,[{lager,debug,["inets: ~p [~s:~p]",[ok,"/home/sizov/docs/kadmin/priv/init/kadmin_01_news.erl",7]],[]},{kadmin_01_news,init,0,[{file,"/home/sizov/docs/kadmin/priv/init/kadmin_01_news.erl"},{line,19}]},{boss_web_controller,'-run_init_scripts/1-fun-0-',2,[{file,"src/boss/boss_web_controller.erl"},{line,291}]},{lists,foldl,3,[{file,"lists.erl"},{line,1197}]},{boss_web_controller,'-handle_info/2-fun-0-',1,[{file,"src/boss/boss_web_controller.erl"},{line,146}]},{lists,map,2,[{file,"lists.erl"},{line,1173}]},{boss_web_controller,handle_info,2,[{file,"src/boss/boss_web_controller.erl"},{line,132}]},{gen_server,handle_msg,5,[{file,"gen_server.erl"},{line,607}]}]}}
2012-06-21 03:06:26 =ERROR REPORT====
Execution of "/home/sizov/docs/kadmin/priv/init/kadmin_01_news.erl" failed: {'EXIT',{undef,[{lager,debug,["inets: ~p [~s:~p]",[ok,"/home/sizov/docs/kadmin/priv/init/kadmin_01_news.erl",7]],[]},{kadmin_01_news,init,0,[{file,"/home/sizov/docs/kadmin/priv/init/kadmin_01_news.erl"},{line,19}]},{boss_web_controller,'-run_init_scripts/1-fun-0-',2,[{file,"src/boss/boss_web_controller.erl"},{line,291}]},{lists,foldl,3,[{file,"lists.erl"},{line,1197}]},{boss_web_controller,'-handle_info/2-fun-0-',1,[{file,"src/boss/boss_web_controller.erl"},{line,146}]},{lists,map,2,[{file,"lists.erl"},{line,1173}]},{boss_web_controller,handle_info,2,[{file,"src/boss/boss_web_controller.erl"},{line,132}]},{gen_server,handle_msg,5,[{file,"gen_server.erl"},{line,607}]}]}}
2012-06-21 03:07:16 =ERROR REPORT====
Execution of "/home/sizov/docs/kadmin/priv/init/kadmin_01_news.erl" failed: {'EXIT',{undef,[{lager,debug,["inets: ~p [~s:~p]",[ok,"/home/sizov/docs/kadmin/priv/init/kadmin_01_news.erl",7]],[]},{kadmin_01_news,init,0,[{file,"/home/sizov/docs/kadmin/priv/init/kadmin_01_news.erl"},{line,19}]},{boss_web_controller,'-run_init_scripts/1-fun-0-',2,[{file,"src/boss/boss_web_controller.erl"},{line,291}]},{lists,foldl,3,[{file,"lists.erl"},{line,1197}]},{boss_web_controller,'-handle_info/2-fun-0-',1,[{file,"src/boss/boss_web_controller.erl"},{line,146}]},{lists,map,2,[{file,"lists.erl"},{line,1173}]},{boss_web_controller,handle_info,2,[{file,"src/boss/boss_web_controller.erl"},{line,132}]},{gen_server,handle_msg,5,[{file,"gen_server.erl"},{line,607}]}]}}
2012-06-21 03:10:05 =ERROR REPORT====
Execution of "/home/sizov/docs/kadmin/priv/init/kadmin_01_news.erl" failed: {'EXIT',{undef,[{lager,debug,["inets: ~p [~s:~p]",[ok,"/home/sizov/docs/kadmin/priv/init/kadmin_01_news.erl",7]],[]},{kadmin_01_news,init,0,[{file,"/home/sizov/docs/kadmin/priv/init/kadmin_01_news.erl"},{line,19}]},{boss_web_controller,'-run_init_scripts/1-fun-0-',2,[{file,"src/boss/boss_web_controller.erl"},{line,291}]},{lists,foldl,3,[{file,"lists.erl"},{line,1197}]},{boss_web_controller,'-handle_info/2-fun-0-',1,[{file,"src/boss/boss_web_controller.erl"},{line,146}]},{lists,map,2,[{file,"lists.erl"},{line,1173}]},{boss_web_controller,handle_info,2,[{file,"src/boss/boss_web_controller.erl"},{line,132}]},{gen_server,handle_msg,5,[{file,"gen_server.erl"},{line,607}]}]}}
2012-06-21 03:13:12 =ERROR REPORT====
Execution of "/home/sizov/docs/kadmin/priv/init/kadmin_01_news.erl" failed: {'EXIT',{undef,[{lager,debug,["inets: ~p [~s:~p]",[ok,"/home/sizov/docs/kadmin/priv/init/kadmin_01_news.erl",7]],[]},{kadmin_01_news,init,0,[{file,"/home/sizov/docs/kadmin/priv/init/kadmin_01_news.erl"},{line,21}]},{boss_web_controller,'-run_init_scripts/1-fun-0-',2,[{file,"src/boss/boss_web_controller.erl"},{line,291}]},{lists,foldl,3,[{file,"lists.erl"},{line,1197}]},{boss_web_controller,'-handle_info/2-fun-0-',1,[{file,"src/boss/boss_web_controller.erl"},{line,146}]},{lists,map,2,[{file,"lists.erl"},{line,1173}]},{boss_web_controller,handle_info,2,[{file,"src/boss/boss_web_controller.erl"},{line,132}]},{gen_server,handle_msg,5,[{file,"gen_server.erl"},{line,607}]}]}}
2012-06-21 03:14:54 =ERROR REPORT====
Execution of "/home/sizov/docs/kadmin/priv/init/kadmin_01_news.erl" failed: {'EXIT',{undef,[{lager,debug,["inets: ~p [~s:~p]",[ok,"/home/sizov/docs/kadmin/priv/init/kadmin_01_news.erl",7]],[]},{kadmin_01_news,init,0,[{file,"/home/sizov/docs/kadmin/priv/init/kadmin_01_news.erl"},{line,19}]},{boss_web_controller,'-run_init_scripts/1-fun-0-',2,[{file,"src/boss/boss_web_controller.erl"},{line,291}]},{lists,foldl,3,[{file,"lists.erl"},{line,1197}]},{boss_web_controller,'-handle_info/2-fun-0-',1,[{file,"src/boss/boss_web_controller.erl"},{line,146}]},{lists,map,2,[{file,"lists.erl"},{line,1173}]},{boss_web_controller,handle_info,2,[{file,"src/boss/boss_web_controller.erl"},{line,132}]},{gen_server,handle_msg,5,[{file,"gen_server.erl"},{line,607}]}]}}
2012-06-21 03:15:15 =ERROR REPORT====
Execution of "/home/sizov/docs/kadmin/priv/init/kadmin_01_news.erl" failed: {'EXIT',{undef,[{lager,debug,["inets: ~p [~s:~p]",[ok,"/home/sizov/docs/kadmin/priv/init/kadmin_01_news.erl",7]],[]},{kadmin_01_news,init,0,[{file,"/home/sizov/docs/kadmin/priv/init/kadmin_01_news.erl"},{line,19}]},{boss_web_controller,'-run_init_scripts/1-fun-0-',2,[{file,"src/boss/boss_web_controller.erl"},{line,291}]},{lists,foldl,3,[{file,"lists.erl"},{line,1197}]},{boss_web_controller,'-handle_info/2-fun-0-',1,[{file,"src/boss/boss_web_controller.erl"},{line,146}]},{lists,map,2,[{file,"lists.erl"},{line,1173}]},{boss_web_controller,handle_info,2,[{file,"src/boss/boss_web_controller.erl"},{line,132}]},{gen_server,handle_msg,5,[{file,"gen_server.erl"},{line,607}]}]}}
2012-06-21 03:20:01 =ERROR REPORT====
Execution of "/home/sizov/docs/kadmin/priv/init/kadmin_01_news.erl" failed: {'EXIT',{undef,[{lager,debug,["some message: ~p [~p:~p]",[hi,"/home/sizov/docs/kadmin/priv/init/kadmin_01_news.erl",7]],[]},{kadmin_01_news,init,0,[{file,"/home/sizov/docs/kadmin/priv/init/kadmin_01_news.erl"},{line,20}]},{boss_web_controller,'-run_init_scripts/1-fun-0-',2,[{file,"src/boss/boss_web_controller.erl"},{line,291}]},{lists,foldl,3,[{file,"lists.erl"},{line,1197}]},{boss_web_controller,'-handle_info/2-fun-0-',1,[{file,"src/boss/boss_web_controller.erl"},{line,146}]},{lists,map,2,[{file,"lists.erl"},{line,1173}]},{boss_web_controller,handle_info,2,[{file,"src/boss/boss_web_controller.erl"},{line,132}]},{gen_server,handle_msg,5,[{file,"gen_server.erl"},{line,607}]}]}}
2012-06-27 23:01:01 =ERROR REPORT====
Execution of "/home/sizov/docs/kadmin/priv/init/kadmin_01_news.erl" failed: {'EXIT',{undef,[{lager,debug,["initialization"],[]},{kadmin_01_news,init,0,[{file,"/home/sizov/docs/kadmin/priv/init/kadmin_01_news.erl"},{line,16}]},{boss_web_controller,'-run_init_scripts/1-fun-0-',2,[{file,"src/boss/boss_web_controller.erl"},{line,291}]},{lists,foldl,3,[{file,"lists.erl"},{line,1197}]},{boss_web_controller,'-handle_info/2-fun-0-',1,[{file,"src/boss/boss_web_controller.erl"},{line,146}]},{lists,map,2,[{file,"lists.erl"},{line,1173}]},{boss_web_controller,handle_info,2,[{file,"src/boss/boss_web_controller.erl"},{line,132}]},{gen_server,handle_msg,5,[{file,"gen_server.erl"},{line,607}]}]}}
2012-06-28 00:26:59 =ERROR REPORT====
GET /login [kadmin] 404 441ms
2012-06-28 00:30:41 =ERROR REPORT====
** Generic server <0.125.0> terminating 
** Last message in was {route,"/login"}
** When Server state == {state,kadmin,["kadmin_kadmin_controller","kadmin_kadmin_user_controller","kadmin_login_controller"],28695,32792}
** Reason for termination == 
** {'module could not be loaded',[{kadmin_kadmin_login_controller_controller,module_info,[exports],[]},{boss_controller_lib,convert_params_to_tokens,3,[{file,"src/boss/boss_controller_lib.erl"},{line,5}]},{boss_router_controller,handle_call,3,[{file,"src/boss/boss_router_controller.erl"},{line,73}]},{gen_server,handle_msg,5,[{file,"gen_server.erl"},{line,588}]},{proc_lib,init_p_do_apply,3,[{file,"proc_lib.erl"},{line,227}]}]}
2012-06-28 00:30:41 =CRASH REPORT====
  crasher:
    initial call: boss_router_controller:init/1
    pid: <0.125.0>
    registered_name: []
    exception exit: {{undef,[{kadmin_kadmin_login_controller_controller,module_info,[exports],[]},{boss_controller_lib,convert_params_to_tokens,3,[{file,"src/boss/boss_controller_lib.erl"},{line,5}]},{boss_router_controller,handle_call,3,[{file,"src/boss/boss_router_controller.erl"},{line,73}]},{gen_server,handle_msg,5,[{file,"gen_server.erl"},{line,588}]},{proc_lib,init_p_do_apply,3,[{file,"proc_lib.erl"},{line,227}]}]},[{gen_server,terminate,6,[{file,"gen_server.erl"},{line,747}]},{proc_lib,init_p_do_apply,3,[{file,"proc_lib.erl"},{line,227}]}]}
    ancestors: [<0.124.0>,boss_web,boss_sup,<0.58.0>]
    messages: []
    links: [<0.124.0>]
    dictionary: [{boss_environment,development}]
    trap_exit: false
    status: running
    heap_size: 987
    stack_size: 24
    reductions: 1725
  neighbours:
2012-06-28 00:30:41 =SUPERVISOR REPORT====
     Supervisor: {<0.124.0>,boss_router_sup}
     Context:    child_terminated
     Reason:     {undef,[{kadmin_kadmin_login_controller_controller,module_info,[exports],[]},{boss_controller_lib,convert_params_to_tokens,3,[{file,"src/boss/boss_controller_lib.erl"},{line,5}]},{boss_router_controller,handle_call,3,[{file,"src/boss/boss_router_controller.erl"},{line,73}]},{gen_server,handle_msg,5,[{file,"gen_server.erl"},{line,588}]},{proc_lib,init_p_do_apply,3,[{file,"proc_lib.erl"},{line,227}]}]}
     Offender:   [{pid,<0.125.0>},{name,router_controller},{mfargs,{boss_router_controller,start_link,[[{application,kadmin},{controllers,["kadmin_kadmin_controller","kadmin_kadmin_user_controller","kadmin_login_controller"]}]]}},{restart_type,permanent},{shutdown,2000},{child_type,worker}]

2012-06-28 00:30:41 =CRASH REPORT====
  crasher:
    initial call: mochiweb_acceptor:init/3
    pid: <0.119.0>
    registered_name: []
    exception exit: {{{undef,[{kadmin_kadmin_login_controller_controller,module_info,[exports],[]},{boss_controller_lib,convert_params_to_tokens,3,[{file,"src/boss/boss_controller_lib.erl"},{line,5}]},{boss_router_controller,handle_call,3,[{file,"src/boss/boss_router_controller.erl"},{line,73}]},{gen_server,handle_msg,5,[{file,"gen_server.erl"},{line,588}]},{proc_lib,init_p_do_apply,3,[{file,"proc_lib.erl"},{line,227}]}]},{gen_server,call,[<0.125.0>,{route,"/login"}]}},[{gen_server,call,2,[{file,"gen_server.erl"},{line,180}]},{boss_web_controller,process_request,5,[{file,"src/boss/boss_web_controller.erl"},{line,401}]},{timer,tc,3,[{file,"timer.erl"},{line,194}]},{boss_web_controller,handle_request,3,[{file,"src/boss/boss_web_controller.erl"},{line,341}]},{mochiweb_http,headers,5,[{file,"src/mochiweb_http.erl"},{line,90}]},{proc_lib,init_p_do_apply,3,[{file,"proc_lib.erl"},{line,227}]}]}
    ancestors: [mochiweb_http,boss_web,boss_sup,<0.58.0>]
    messages: []
    links: [<0.107.0>,#Port<0.8458>]
    dictionary: [{boss_environment,development},{mochiweb_request_cookie,[{"_boss_session","65bb38f7c0b35cf1dd8fbcb15c77cbb128da32ca"}]}]
    trap_exit: false
    status: running
    heap_size: 2584
    stack_size: 24
    reductions: 2415
  neighbours:
2012-06-28 00:32:35 =ERROR REPORT====
** Generic server <0.160.0> terminating 
** Last message in was {route,"/login"}
** When Server state == {state,kadmin,["kadmin_kadmin_controller","kadmin_kadmin_user_controller","kadmin_login_controller"],45080,49175}
** Reason for termination == 
** {'module could not be loaded',[{kadmin_kadmin_login_controller_controller,module_info,[exports],[]},{boss_controller_lib,convert_params_to_tokens,3,[{file,"src/boss/boss_controller_lib.erl"},{line,5}]},{boss_router_controller,handle_call,3,[{file,"src/boss/boss_router_controller.erl"},{line,73}]},{gen_server,handle_msg,5,[{file,"gen_server.erl"},{line,588}]},{proc_lib,init_p_do_apply,3,[{file,"proc_lib.erl"},{line,227}]}]}
2012-06-28 00:32:36 =CRASH REPORT====
  crasher:
    initial call: boss_router_controller:init/1
    pid: <0.160.0>
    registered_name: []
    exception exit: {{undef,[{kadmin_kadmin_login_controller_controller,module_info,[exports],[]},{boss_controller_lib,convert_params_to_tokens,3,[{file,"src/boss/boss_controller_lib.erl"},{line,5}]},{boss_router_controller,handle_call,3,[{file,"src/boss/boss_router_controller.erl"},{line,73}]},{gen_server,handle_msg,5,[{file,"gen_server.erl"},{line,588}]},{proc_lib,init_p_do_apply,3,[{file,"proc_lib.erl"},{line,227}]}]},[{gen_server,terminate,6,[{file,"gen_server.erl"},{line,747}]},{proc_lib,init_p_do_apply,3,[{file,"proc_lib.erl"},{line,227}]}]}
    ancestors: [<0.124.0>,boss_web,boss_sup,<0.58.0>]
    messages: []
    links: [<0.124.0>]
    dictionary: [{boss_environment,development}]
    trap_exit: false
    status: running
    heap_size: 987
    stack_size: 24
    reductions: 1717
  neighbours:
2012-06-28 00:32:36 =SUPERVISOR REPORT====
     Supervisor: {<0.124.0>,boss_router_sup}
     Context:    child_terminated
     Reason:     {undef,[{kadmin_kadmin_login_controller_controller,module_info,[exports],[]},{boss_controller_lib,convert_params_to_tokens,3,[{file,"src/boss/boss_controller_lib.erl"},{line,5}]},{boss_router_controller,handle_call,3,[{file,"src/boss/boss_router_controller.erl"},{line,73}]},{gen_server,handle_msg,5,[{file,"gen_server.erl"},{line,588}]},{proc_lib,init_p_do_apply,3,[{file,"proc_lib.erl"},{line,227}]}]}
     Offender:   [{pid,<0.160.0>},{name,router_controller},{mfargs,{boss_router_controller,start_link,[[{application,kadmin},{controllers,["kadmin_kadmin_controller","kadmin_kadmin_user_controller","kadmin_login_controller"]}]]}},{restart_type,permanent},{shutdown,2000},{child_type,worker}]

2012-06-28 00:32:36 =CRASH REPORT====
  crasher:
    initial call: mochiweb_acceptor:init/3
    pid: <0.112.0>
    registered_name: []
    exception exit: {{{undef,[{kadmin_kadmin_login_controller_controller,module_info,[exports],[]},{boss_controller_lib,convert_params_to_tokens,3,[{file,"src/boss/boss_controller_lib.erl"},{line,5}]},{boss_router_controller,handle_call,3,[{file,"src/boss/boss_router_controller.erl"},{line,73}]},{gen_server,handle_msg,5,[{file,"gen_server.erl"},{line,588}]},{proc_lib,init_p_do_apply,3,[{file,"proc_lib.erl"},{line,227}]}]},{gen_server,call,[<0.160.0>,{route,"/login"}]}},[{gen_server,call,2,[{file,"gen_server.erl"},{line,180}]},{boss_web_controller,process_request,5,[{file,"src/boss/boss_web_controller.erl"},{line,401}]},{timer,tc,3,[{file,"timer.erl"},{line,194}]},{boss_web_controller,handle_request,3,[{file,"src/boss/boss_web_controller.erl"},{line,341}]},{mochiweb_http,headers,5,[{file,"src/mochiweb_http.erl"},{line,90}]},{proc_lib,init_p_do_apply,3,[{file,"proc_lib.erl"},{line,227}]}]}
    ancestors: [mochiweb_http,boss_web,boss_sup,<0.58.0>]
    messages: []
    links: [<0.107.0>,#Port<0.8799>]
    dictionary: [{boss_environment,development},{mochiweb_request_cookie,[{"_boss_session","65bb38f7c0b35cf1dd8fbcb15c77cbb128da32ca"}]}]
    trap_exit: false
    status: running
    heap_size: 4181
    stack_size: 24
    reductions: 2901
  neighbours:
2012-06-28 00:32:51 =ERROR REPORT====
** Generic server <0.125.0> terminating 
** Last message in was {route,"/login"}
** When Server state == {state,kadmin,["kadmin_kadmin_controller","kadmin_kadmin_user_controller","kadmin_login_controller"],28695,32792}
** Reason for termination == 
** {'module could not be loaded',[{kadmin_kadmin_login_controller_controller,module_info,[exports],[]},{boss_controller_lib,convert_params_to_tokens,3,[{file,"src/boss/boss_controller_lib.erl"},{line,5}]},{boss_router_controller,handle_call,3,[{file,"src/boss/boss_router_controller.erl"},{line,73}]},{gen_server,handle_msg,5,[{file,"gen_server.erl"},{line,588}]},{proc_lib,init_p_do_apply,3,[{file,"proc_lib.erl"},{line,227}]}]}
2012-06-28 00:32:51 =CRASH REPORT====
  crasher:
    initial call: boss_router_controller:init/1
    pid: <0.125.0>
    registered_name: []
    exception exit: {{undef,[{kadmin_kadmin_login_controller_controller,module_info,[exports],[]},{boss_controller_lib,convert_params_to_tokens,3,[{file,"src/boss/boss_controller_lib.erl"},{line,5}]},{boss_router_controller,handle_call,3,[{file,"src/boss/boss_router_controller.erl"},{line,73}]},{gen_server,handle_msg,5,[{file,"gen_server.erl"},{line,588}]},{proc_lib,init_p_do_apply,3,[{file,"proc_lib.erl"},{line,227}]}]},[{gen_server,terminate,6,[{file,"gen_server.erl"},{line,747}]},{proc_lib,init_p_do_apply,3,[{file,"proc_lib.erl"},{line,227}]}]}
    ancestors: [<0.124.0>,boss_web,boss_sup,<0.58.0>]
    messages: []
    links: [<0.124.0>]
    dictionary: [{boss_environment,development}]
    trap_exit: false
    status: running
    heap_size: 987
    stack_size: 24
    reductions: 1725
  neighbours:
2012-06-28 00:32:51 =SUPERVISOR REPORT====
     Supervisor: {<0.124.0>,boss_router_sup}
     Context:    child_terminated
     Reason:     {undef,[{kadmin_kadmin_login_controller_controller,module_info,[exports],[]},{boss_controller_lib,convert_params_to_tokens,3,[{file,"src/boss/boss_controller_lib.erl"},{line,5}]},{boss_router_controller,handle_call,3,[{file,"src/boss/boss_router_controller.erl"},{line,73}]},{gen_server,handle_msg,5,[{file,"gen_server.erl"},{line,588}]},{proc_lib,init_p_do_apply,3,[{file,"proc_lib.erl"},{line,227}]}]}
     Offender:   [{pid,<0.125.0>},{name,router_controller},{mfargs,{boss_router_controller,start_link,[[{application,kadmin},{controllers,["kadmin_kadmin_controller","kadmin_kadmin_user_controller","kadmin_login_controller"]}]]}},{restart_type,permanent},{shutdown,2000},{child_type,worker}]

2012-06-28 00:32:51 =CRASH REPORT====
  crasher:
    initial call: mochiweb_acceptor:init/3
    pid: <0.108.0>
    registered_name: []
    exception exit: {{{undef,[{kadmin_kadmin_login_controller_controller,module_info,[exports],[]},{boss_controller_lib,convert_params_to_tokens,3,[{file,"src/boss/boss_controller_lib.erl"},{line,5}]},{boss_router_controller,handle_call,3,[{file,"src/boss/boss_router_controller.erl"},{line,73}]},{gen_server,handle_msg,5,[{file,"gen_server.erl"},{line,588}]},{proc_lib,init_p_do_apply,3,[{file,"proc_lib.erl"},{line,227}]}]},{gen_server,call,[<0.125.0>,{route,"/login"}]}},[{gen_server,call,2,[{file,"gen_server.erl"},{line,180}]},{boss_web_controller,process_request,5,[{file,"src/boss/boss_web_controller.erl"},{line,401}]},{timer,tc,3,[{file,"timer.erl"},{line,194}]},{boss_web_controller,handle_request,3,[{file,"src/boss/boss_web_controller.erl"},{line,341}]},{mochiweb_http,headers,5,[{file,"src/mochiweb_http.erl"},{line,90}]},{proc_lib,init_p_do_apply,3,[{file,"proc_lib.erl"},{line,227}]}]}
    ancestors: [mochiweb_http,boss_web,boss_sup,<0.58.0>]
    messages: []
    links: [<0.107.0>,#Port<0.8458>]
    dictionary: [{boss_environment,development},{mochiweb_request_cookie,[{"_boss_session","65bb38f7c0b35cf1dd8fbcb15c77cbb128da32ca"}]}]
    trap_exit: false
    status: running
    heap_size: 2584
    stack_size: 24
    reductions: 2333
  neighbours:
2012-06-28 00:34:23 =ERROR REPORT====
** Generic server <0.160.0> terminating 
** Last message in was {route,"/login"}
** When Server state == {state,kadmin,["kadmin_kadmin_controller","kadmin_kadmin_user_controller","kadmin_login_controller"],45080,49175}
** Reason for termination == 
** {'module could not be loaded',[{kadmin_kadmin_login_controller_controller,module_info,[exports],[]},{boss_controller_lib,convert_params_to_tokens,3,[{file,"src/boss/boss_controller_lib.erl"},{line,5}]},{boss_router_controller,handle_call,3,[{file,"src/boss/boss_router_controller.erl"},{line,73}]},{gen_server,handle_msg,5,[{file,"gen_server.erl"},{line,588}]},{proc_lib,init_p_do_apply,3,[{file,"proc_lib.erl"},{line,227}]}]}
2012-06-28 00:34:23 =CRASH REPORT====
  crasher:
    initial call: boss_router_controller:init/1
    pid: <0.160.0>
    registered_name: []
    exception exit: {{undef,[{kadmin_kadmin_login_controller_controller,module_info,[exports],[]},{boss_controller_lib,convert_params_to_tokens,3,[{file,"src/boss/boss_controller_lib.erl"},{line,5}]},{boss_router_controller,handle_call,3,[{file,"src/boss/boss_router_controller.erl"},{line,73}]},{gen_server,handle_msg,5,[{file,"gen_server.erl"},{line,588}]},{proc_lib,init_p_do_apply,3,[{file,"proc_lib.erl"},{line,227}]}]},[{gen_server,terminate,6,[{file,"gen_server.erl"},{line,747}]},{proc_lib,init_p_do_apply,3,[{file,"proc_lib.erl"},{line,227}]}]}
    ancestors: [<0.124.0>,boss_web,boss_sup,<0.58.0>]
    messages: []
    links: [<0.124.0>]
    dictionary: [{boss_environment,development}]
    trap_exit: false
    status: running
    heap_size: 987
    stack_size: 24
    reductions: 1717
  neighbours:
2012-06-28 00:34:23 =SUPERVISOR REPORT====
     Supervisor: {<0.124.0>,boss_router_sup}
     Context:    child_terminated
     Reason:     {undef,[{kadmin_kadmin_login_controller_controller,module_info,[exports],[]},{boss_controller_lib,convert_params_to_tokens,3,[{file,"src/boss/boss_controller_lib.erl"},{line,5}]},{boss_router_controller,handle_call,3,[{file,"src/boss/boss_router_controller.erl"},{line,73}]},{gen_server,handle_msg,5,[{file,"gen_server.erl"},{line,588}]},{proc_lib,init_p_do_apply,3,[{file,"proc_lib.erl"},{line,227}]}]}
     Offender:   [{pid,<0.160.0>},{name,router_controller},{mfargs,{boss_router_controller,start_link,[[{application,kadmin},{controllers,["kadmin_kadmin_controller","kadmin_kadmin_user_controller","kadmin_login_controller"]}]]}},{restart_type,permanent},{shutdown,2000},{child_type,worker}]

2012-06-28 00:34:23 =CRASH REPORT====
  crasher:
    initial call: mochiweb_acceptor:init/3
    pid: <0.120.0>
    registered_name: []
    exception exit: {{{undef,[{kadmin_kadmin_login_controller_controller,module_info,[exports],[]},{boss_controller_lib,convert_params_to_tokens,3,[{file,"src/boss/boss_controller_lib.erl"},{line,5}]},{boss_router_controller,handle_call,3,[{file,"src/boss/boss_router_controller.erl"},{line,73}]},{gen_server,handle_msg,5,[{file,"gen_server.erl"},{line,588}]},{proc_lib,init_p_do_apply,3,[{file,"proc_lib.erl"},{line,227}]}]},{gen_server,call,[<0.160.0>,{route,"/login"}]}},[{gen_server,call,2,[{file,"gen_server.erl"},{line,180}]},{boss_web_controller,process_request,5,[{file,"src/boss/boss_web_controller.erl"},{line,401}]},{timer,tc,3,[{file,"timer.erl"},{line,194}]},{boss_web_controller,handle_request,3,[{file,"src/boss/boss_web_controller.erl"},{line,341}]},{mochiweb_http,headers,5,[{file,"src/mochiweb_http.erl"},{line,90}]},{proc_lib,init_p_do_apply,3,[{file,"proc_lib.erl"},{line,227}]}]}
    ancestors: [mochiweb_http,boss_web,boss_sup,<0.58.0>]
    messages: []
    links: [<0.107.0>,#Port<0.8799>]
    dictionary: [{boss_environment,development},{mochiweb_request_cookie,[{"_boss_session","65bb38f7c0b35cf1dd8fbcb15c77cbb128da32ca"}]}]
    trap_exit: false
    status: running
    heap_size: 2584
    stack_size: 24
    reductions: 2774
  neighbours:
2012-06-28 00:35:12 =ERROR REPORT====
GET /mmwl_user/index [kadmin] 404 0ms
2012-06-28 00:37:24 =ERROR REPORT====
GET /mmwl_user/index [kadmin] 404 0ms
2012-06-28 01:03:08 =ERROR REPORT====
GET /mmwl_user/index [kadmin] 404 0ms
2012-06-28 01:12:32 =ERROR REPORT====
GET /users/index [kadmin] 404 177ms
2012-06-28 01:15:39 =ERROR REPORT====
GET /kadmin_user/create [kadmin] 404 0ms
2012-06-28 01:45:10 =ERROR REPORT====
{undef,[{lager,debug,["User list: ~p",[[]]],[]},{kadmin_users_controller,index,4,[{file,"/home/sizov/docs/kadmin/src/controller/kadmin_users_controller.erl"},{line,34}]},{boss_web_controller,execute_action,5,[{file,"src/boss/boss_web_controller.erl"},{line,616}]},{boss_web_controller,process_request,5,[{file,"src/boss/boss_web_controller.erl"},{line,404}]},{timer,tc,3,[{file,"timer.erl"},{line,194}]},{boss_web_controller,handle_request,3,[{file,"src/boss/boss_web_controller.erl"},{line,341}]},{mochiweb_http,headers,5,[{file,"src/mochiweb_http.erl"},{line,90}]},{proc_lib,init_p_do_apply,3,[{file,"proc_lib.erl"},{line,227}]}]}2012-06-28 01:45:10 =ERROR REPORT====
GET /users/index [kadmin] 500 150ms
2012-06-29 23:38:34 =ERROR REPORT====
GET /kadmin_user/logout [kadmin] 404 0ms
2012-06-29 23:38:43 =ERROR REPORT====
GET /kadmin_user/logout [kadmin] 404 0ms
2012-07-03 01:26:09 =ERROR REPORT====
GET /kadmin_user/logout [kadmin] 404 0ms
2012-07-03 01:30:11 =ERROR REPORT====
GET /logout [kadmin] 404 0ms
2012-07-03 01:35:16 =ERROR REPORT====
GET /login [kadmin] 404 160ms
